D:\UTFPR\2 PERIODO\PROG 2\CLUE_PROJETO\VERSAOFINAL\PROTOTIPO\PROTOTIPO\DEBUG\BARALHO.OBJ
D:\UTFPR\2 PERIODO\PROG 2\CLUE_PROJETO\VERSAOFINAL\PROTOTIPO\PROTOTIPO\DEBUG\CARTAS.OBJ
D:\UTFPR\2 PERIODO\PROG 2\CLUE_PROJETO\VERSAOFINAL\PROTOTIPO\PROTOTIPO\DEBUG\JOGADOR.OBJ
D:\UTFPR\2 PERIODO\PROG 2\CLUE_PROJETO\VERSAOFINAL\PROTOTIPO\PROTOTIPO\DEBUG\JOGO.OBJ
D:\UTFPR\2 PERIODO\PROG 2\CLUE_PROJETO\VERSAOFINAL\PROTOTIPO\PROTOTIPO\DEBUG\MONTECONFIDENCIAL.OBJ
D:\UTFPR\2 PERIODO\PROG 2\CLUE_PROJETO\VERSAOFINAL\PROTOTIPO\PROTOTIPO\DEBUG\MAIN.OBJ
D:\UTFPR\2 PERIODO\PROG 2\CLUE_PROJETO\VERSAOFINAL\PROTOTIPO\PROTOTIPO\DEBUG\VC110.PDB
D:\UTFPR\2 PERIODO\PROG 2\CLUE_PROJETO\VERSAOFINAL\PROTOTIPO\DEBUG\PROTOTIPO.ILK
D:\UTFPR\2 PERIODO\PROG 2\CLUE_PROJETO\VERSAOFINAL\PROTOTIPO\DEBUG\PROTOTIPO.EXE
D:\UTFPR\2 PERIODO\PROG 2\CLUE_PROJETO\VERSAOFINAL\PROTOTIPO\DEBUG\PROTOTIPO.PDB
C:\Users\Regina\Desktop\VERSAO_FINAL\Prototipo\Prototipo\Debug\Baralho.obj
C:\Users\Regina\Desktop\VERSAO_FINAL\Prototipo\Prototipo\Debug\Cartas.obj
C:\Users\Regina\Desktop\VERSAO_FINAL\Prototipo\Prototipo\Debug\Jogador.obj
C:\Users\Regina\Desktop\VERSAO_FINAL\Prototipo\Prototipo\Debug\Jogo.obj
C:\Users\Regina\Desktop\VERSAO_FINAL\Prototipo\Prototipo\Debug\Main.obj
C:\Users\Regina\Desktop\VERSAO_FINAL\Prototipo\Prototipo\Debug\MonteConfidencial.obj
C:\Users\Regina\Desktop\VERSAO_FINAL\Prototipo\Prototipo\Debug\cl.command.1.tlog
C:\Users\Regina\Desktop\VERSAO_FINAL\Prototipo\Prototipo\Debug\CL.read.1.tlog
C:\Users\Regina\Desktop\VERSAO_FINAL\Prototipo\Prototipo\Debug\CL.write.1.tlog
C:\Users\Regina\Desktop\VERSAO_FINAL\Prototipo\Prototipo\Debug\link-cvtres.read.1.tlog
C:\Users\Regina\Desktop\VERSAO_FINAL\Prototipo\Prototipo\Debug\link-cvtres.write.1.tlog
C:\Users\Regina\Desktop\VERSAO_FINAL\Prototipo\Prototipo\Debug\link-rc.read.1.tlog
C:\Users\Regina\Desktop\VERSAO_FINAL\Prototipo\Prototipo\Debug\link-rc.write.1.tlog
C:\Users\Regina\Desktop\VERSAO_FINAL\Prototipo\Prototipo\Debug\link.command.1.tlog
C:\Users\Regina\Desktop\VERSAO_FINAL\Prototipo\Prototipo\Debug\link.read.1.tlog
C:\Users\Regina\Desktop\VERSAO_FINAL\Prototipo\Prototipo\Debug\link.write.1.tlog
C:\Users\Regina\Desktop\VERSAO_FINAL\Prototipo\Prototipo\Debug\vc110.idb
C:\Users\Regina\Desktop\VERSAO_FINAL\Prototipo\Prototipo\Debug\vc110.pdb
C:\Users\Regina\Desktop\VERSAO_FINAL\Prototipo\Debug\Prototipo.pdb
C:\Users\Regina\Desktop\VERSAO_FINAL\Prototipo\Debug\Prototipo.exe
C:\Users\Regina\Desktop\VERSAO_FINAL\Prototipo\Debug\Prototipo.ilk
